# JRE version: 6.0_32-b32
# Java VM: OpenJDK 64-Bit Server VM (23.25-b01 mixed mode linux-amd64 compressed oops)
Heap
 PSYoungGen      total 327680K, used 205584K [0x00000000eaab0000, 0x0000000100000000, 0x0000000100000000)
  eden space 305856K, 67% used [0x00000000eaab0000,0x00000000f7374158,0x00000000fd560000)
  from space 21824K, 0% used [0x00000000fd560000,0x00000000fd560000,0x00000000feab0000)
  to   space 21824K, 0% used [0x00000000feab0000,0x00000000feab0000,0x0000000100000000)
 ParOldGen       total 349568K, used 83908K [0x00000000c0000000, 0x00000000d5560000, 0x00000000eaab0000)
  object space 349568K, 24% used [0x00000000c0000000,0x00000000c51f12e0,0x00000000d5560000)
 PSPermGen       total 168768K, used 90951K [0x00000000b0000000, 0x00000000ba4d0000, 0x00000000c0000000)
  object space 168768K, 53% used [0x00000000b0000000,0x00000000b58d1f00,0x00000000ba4d0000)
GC Heap History (10 events):
Event: 130.869 GC heap before
{Heap before GC invocations=10 (full 3):
 PSYoungGen      total 327680K, used 7677K [0x00000000eaab0000, 0x0000000100000000, 0x0000000100000000)
  eden space 305856K, 0% used [0x00000000eaab0000,0x00000000eaab0000,0x00000000fd560000)
  from space 21824K, 35% used [0x00000000fd560000,0x00000000fdcdf4e8,0x00000000feab0000)
  to   space 21824K, 0% used [0x00000000feab0000,0x00000000feab0000,0x0000000100000000)
 ParOldGen       total 349568K, used 76715K [0x00000000c0000000, 0x00000000d5560000, 0x00000000eaab0000)
  object space 349568K, 21% used [0x00000000c0000000,0x00000000c4aeaea8,0x00000000d5560000)
 PSPermGen       total 172608K, used 86420K [0x00000000b0000000, 0x00000000ba890000, 0x00000000c0000000)
  object space 172608K, 50% used [0x00000000b0000000,0x00000000b5465210,0x00000000ba890000)
Event: 131.250 GC heap after
Heap after GC invocations=10 (full 3):
 PSYoungGen      total 327680K, used 0K [0x00000000eaab0000, 0x0000000100000000, 0x0000000100000000)
  eden space 305856K, 0% used [0x00000000eaab0000,0x00000000eaab0000,0x00000000fd560000)
  from space 21824K, 0% used [0x00000000fd560000,0x00000000fd560000,0x00000000feab0000)
  to   space 21824K, 0% used [0x00000000feab0000,0x00000000feab0000,0x0000000100000000)
 ParOldGen       total 349568K, used 82412K [0x00000000c0000000, 0x00000000d5560000, 0x00000000eaab0000)
  object space 349568K, 23% used [0x00000000c0000000,0x00000000c507b0f0,0x00000000d5560000)
 PSPermGen       total 175808K, used 86375K [0x00000000b0000000, 0x00000000babb0000, 0x00000000c0000000)
  object space 175808K, 49% used [0x00000000b0000000,0x00000000b5459ef0,0x00000000babb0000)
}
Event: 196.084 GC heap before
{Heap before GC invocations=11 (full 3):
 PSYoungGen      total 327680K, used 55275K [0x00000000eaab0000, 0x0000000100000000, 0x0000000100000000)
  eden space 305856K, 18% used [0x00000000eaab0000,0x00000000ee0aad48,0x00000000fd560000)
  from space 21824K, 0% used [0x00000000fd560000,0x00000000fd560000,0x00000000feab0000)
  to   space 21824K, 0% used [0x00000000feab0000,0x00000000feab0000,0x0000000100000000)
 ParOldGen       total 349568K, used 82412K [0x00000000c0000000, 0x00000000d5560000, 0x00000000eaab0000)
  object space 349568K, 23% used [0x00000000c0000000,0x00000000c507b0f0,0x00000000d5560000)
 PSPermGen       total 175808K, used 86727K [0x00000000b0000000, 0x00000000babb0000, 0x00000000c0000000)
  object space 175808K, 49% used [0x00000000b0000000,0x00000000b54b1da8,0x00000000babb0000)
Event: 196.093 GC heap after
Heap after GC invocations=11 (full 3):
 PSYoungGen      total 327680K, used 2206K [0x00000000eaab0000, 0x0000000100000000, 0x0000000100000000)
  eden space 305856K, 0% used [0x00000000eaab0000,0x00000000eaab0000,0x00000000fd560000)
  from space 21824K, 10% used [0x00000000feab0000,0x00000000fecd7918,0x0000000100000000)
  to   space 21824K, 0% used [0x00000000fd560000,0x00000000fd560000,0x00000000feab0000)
 ParOldGen       total 349568K, used 82412K [0x00000000c0000000, 0x00000000d5560000, 0x00000000eaab0000)
  object space 349568K, 23% used [0x00000000c0000000,0x00000000c507b0f0,0x00000000d5560000)
 PSPermGen       total 175808K, used 86727K [0x00000000b0000000, 0x00000000babb0000, 0x00000000c0000000)
  object space 175808K, 49% used [0x00000000b0000000,0x00000000b54b1da8,0x00000000babb0000)
}
Event: 196.093 GC heap before
{Heap before GC invocations=12 (full 4):
 PSYoungGen      total 327680K, used 2206K [0x00000000eaab0000, 0x0000000100000000, 0x0000000100000000)
  eden space 305856K, 0% used [0x00000000eaab0000,0x00000000eaab0000,0x00000000fd560000)
  from space 21824K, 10% used [0x00000000feab0000,0x00000000fecd7918,0x0000000100000000)
  to   space 21824K, 0% used [0x00000000fd560000,0x00000000fd560000,0x00000000feab0000)
 ParOldGen       total 349568K, used 82412K [0x00000000c0000000, 0x00000000d5560000, 0x00000000eaab0000)
  object space 349568K, 23% used [0x00000000c0000000,0x00000000c507b0f0,0x00000000d5560000)
 PSPermGen       total 175808K, used 86727K [0x00000000b0000000, 0x00000000babb0000, 0x00000000c0000000)
  object space 175808K, 49% used [0x00000000b0000000,0x00000000b54b1da8,0x00000000babb0000)
Event: 196.459 GC heap after
Heap after GC invocations=12 (full 4):
 PSYoungGen      total 327680K, used 0K [0x00000000eaab0000, 0x0000000100000000, 0x0000000100000000)
  eden space 305856K, 0% used [0x00000000eaab0000,0x00000000eaab0000,0x00000000fd560000)
  from space 21824K, 0% used [0x00000000feab0000,0x00000000feab0000,0x0000000100000000)
  to   space 21824K, 0% used [0x00000000fd560000,0x00000000fd560000,0x00000000feab0000)
 ParOldGen       total 349568K, used 82615K [0x00000000c0000000, 0x00000000d5560000, 0x00000000eaab0000)
  object space 349568K, 23% used [0x00000000c0000000,0x00000000c50adf30,0x00000000d5560000)
 PSPermGen       total 171520K, used 86687K [0x00000000b0000000, 0x00000000ba780000, 0x00000000c0000000)
  object space 171520K, 50% used [0x00000000b0000000,0x00000000b54a7ca8,0x00000000ba780000)
}
Event: 269.396 GC heap before
{Heap before GC invocations=13 (full 4):
 PSYoungGen      total 327680K, used 105653K [0x00000000eaab0000, 0x0000000100000000, 0x0000000100000000)
  eden space 305856K, 34% used [0x00000000eaab0000,0x00000000f11dd560,0x00000000fd560000)
  from space 21824K, 0% used [0x00000000feab0000,0x00000000feab0000,0x0000000100000000)
  to   space 21824K, 0% used [0x00000000fd560000,0x00000000fd560000,0x00000000feab0000)
 ParOldGen       total 349568K, used 82615K [0x00000000c0000000, 0x00000000d5560000, 0x00000000eaab0000)
  object space 349568K, 23% used [0x00000000c0000000,0x00000000c50adf30,0x00000000d5560000)
 PSPermGen       total 171520K, used 90424K [0x00000000b0000000, 0x00000000ba780000, 0x00000000c0000000)
  object space 171520K, 52% used [0x00000000b0000000,0x00000000b584e258,0x00000000ba780000)
Event: 269.420 GC heap after
Heap after GC invocations=13 (full 4):
 PSYoungGen      total 327680K, used 5645K [0x00000000eaab0000, 0x0000000100000000, 0x0000000100000000)
  eden space 305856K, 0% used [0x00000000eaab0000,0x00000000eaab0000,0x00000000fd560000)
  from space 21824K, 25% used [0x00000000fd560000,0x00000000fdae34b0,0x00000000feab0000)
  to   space 21824K, 0% used [0x00000000feab0000,0x00000000feab0000,0x0000000100000000)
 ParOldGen       total 349568K, used 82615K [0x00000000c0000000, 0x00000000d5560000, 0x00000000eaab0000)
  object space 349568K, 23% used [0x00000000c0000000,0x00000000c50adf30,0x00000000d5560000)
 PSPermGen       total 171520K, used 90424K [0x00000000b0000000, 0x00000000ba780000, 0x00000000c0000000)
  object space 171520K, 52% used [0x00000000b0000000,0x00000000b584e258,0x00000000ba780000)
}
Event: 269.421 GC heap before
{Heap before GC invocations=14 (full 5):
 PSYoungGen      total 327680K, used 5645K [0x00000000eaab0000, 0x0000000100000000, 0x0000000100000000)
  eden space 305856K, 0% used [0x00000000eaab0000,0x00000000eaab0000,0x00000000fd560000)
  from space 21824K, 25% used [0x00000000fd560000,0x00000000fdae34b0,0x00000000feab0000)
  to   space 21824K, 0% used [0x00000000feab0000,0x00000000feab0000,0x0000000100000000)
 ParOldGen       total 349568K, used 82615K [0x00000000c0000000, 0x00000000d5560000, 0x00000000eaab0000)
  object space 349568K, 23% used [0x00000000c0000000,0x00000000c50adf30,0x00000000d5560000)
 PSPermGen       total 171520K, used 90424K [0x00000000b0000000, 0x00000000ba780000, 0x00000000c0000000)
  object space 171520K, 52% used [0x00000000b0000000,0x00000000b584e258,0x00000000ba780000)
Event: 269.782 GC heap after
Heap after GC invocations=14 (full 5):
 PSYoungGen      total 327680K, used 0K [0x00000000eaab0000, 0x0000000100000000, 0x0000000100000000)
  eden space 305856K, 0% used [0x00000000eaab0000,0x00000000eaab0000,0x00000000fd560000)
  from space 21824K, 0% used [0x00000000fd560000,0x00000000fd560000,0x00000000feab0000)
  to   space 21824K, 0% used [0x00000000feab0000,0x00000000feab0000,0x0000000100000000)
 ParOldGen       total 349568K, used 83908K [0x00000000c0000000, 0x00000000d5560000, 0x00000000eaab0000)
  object space 349568K, 24% used [0x00000000c0000000,0x00000000c51f12e0,0x00000000d5560000)
 PSPermGen       total 168768K, used 90421K [0x00000000b0000000, 0x00000000ba4d0000, 0x00000000c0000000)
  object space 168768K, 53% used [0x00000000b0000000,0x00000000b584d430,0x00000000ba4d0000)
}

